2024-12-18 11:08:03.796 INFO  (main) [c: s: r: x: t:] o.e.j.s.Server jetty-10.0.22; built: 2024-06-27T16:03:51.502Z; git: 5c8471e852d377fd726ad9b1692c35ffc5febb09; jvm 21.0.5+11-Ubuntu-1ubuntu124.04
2024-12-18 11:08:04.076 WARN  (main) [c: s: r: x: t:] o.e.j.u.DeprecationWarning Using @Deprecated Class org.eclipse.jetty.servlet.listener.ELContextCleaner
2024-12-18 11:08:04.094 INFO  (main) [c: s: r: x: t:] o.a.s.s.CoreContainerProvider Using logger factory org.apache.logging.slf4j.Log4jLoggerFactory
2024-12-18 11:08:04.098 INFO  (main) [c: s: r: x: t:] o.a.s.s.CoreContainerProvider  ___      _       Welcome to Apache Solr™ version 9.7.0
2024-12-18 11:08:04.098 INFO  (main) [c: s: r: x: t:] o.a.s.s.CoreContainerProvider / __| ___| |_ _   Starting in standalone mode on port 8983
2024-12-18 11:08:04.098 INFO  (main) [c: s: r: x: t:] o.a.s.s.CoreContainerProvider \__ \/ _ \ | '_|  Install dir: /home/sergio/USI/Information Retrieval/IR_project/backend/solr-9.7.0
2024-12-18 11:08:04.098 INFO  (main) [c: s: r: x: t:] o.a.s.s.CoreContainerProvider |___/\___/_|_|    Start time: 2024-12-18T11:08:04.098917702Z
2024-12-18 11:08:04.100 INFO  (main) [c: s: r: x: t:] o.a.s.s.CoreContainerProvider Solr started with "-XX:+CrashOnOutOfMemoryError" that will crash on any OutOfMemoryError exception. The cause of the OOME will be logged in the crash file at the following path: /home/sergio/USI/Information Retrieval/IR_project/backend/solr-9.7.0/server/logs/jvm_crash_103270.log
2024-12-18 11:08:04.163 INFO  (main) [c: s: r: x: t:] o.a.l.s.MemorySegmentIndexInputProvider Using MemorySegmentIndexInput and native madvise support with Java 21 or later; to disable start with -Dorg.apache.lucene.store.MMapDirectory.enableMemorySegments=false
2024-12-18 11:08:04.182 INFO  (main) [c: s: r: x: t:] o.a.l.i.v.PanamaVectorizationProvider Java vector incubator API enabled; uses preferredBitSize=256; FMA enabled
2024-12-18 11:08:04.184 INFO  (main) [c: s: r: x: t:] o.a.s.s.CoreContainerProvider Solr Home: /home/sergio/USI/Information Retrieval/IR_project/backend/solr-9.7.0/server/solr (source: system property: solr.solr.home)
2024-12-18 11:08:04.192 INFO  (main) [c: s: r: x: t:] o.a.s.c.SolrXmlConfig Loading solr.xml from /home/sergio/USI/Information Retrieval/IR_project/backend/solr-9.7.0/server/solr/solr.xml
2024-12-18 11:08:04.215 INFO  (main) [c: s: r: x: t:] o.a.s.c.SolrResourceLoader Added 1 libs to classloader, from paths: [/home/sergio/USI/Information%20Retrieval/IR_project/backend/solr-9.7.0/lib]
2024-12-18 11:08:04.677 INFO  (main) [c: s: r: x: t:] o.a.s.u.t.SimplePropagator Always-on trace id generation enabled.
2024-12-18 11:08:04.887 WARN  (main) [c: s: r: x: t:] o.a.s.u.StartupLoggingUtils Jetty request logging enabled. Will retain logs for last 3 days. See chapter "Configuring Logging" in reference guide for how to configure.
2024-12-18 11:08:04.888 WARN  (main) [c: s: r: x: t:] o.a.s.c.CoreContainer Not all security plugins configured!  authentication=disabled authorization=disabled.  Solr is only as secure as you make it. Consider configuring authentication/authorization before exposing Solr to users internal or external.  See https://s.apache.org/solrsecurity for more info
2024-12-18 11:08:05.005 INFO  (main) [c: s: r: x: t:] o.a.s.c.CorePropertiesLocator Found 1 core definitions underneath /home/sergio/USI/Information Retrieval/IR_project/backend/solr-9.7.0/server/solr
2024-12-18 11:08:05.005 INFO  (main) [c: s: r: x: t:] o.a.s.c.CorePropertiesLocator Cores are: [babysitter_core]
2024-12-18 11:08:05.023 INFO  (coreLoadExecutor-13-thread-1) [c: s: r: x:babysitter_core t:] o.a.s.c.SolrConfig Using Lucene MatchVersion: 9.11.0
2024-12-18 11:08:05.072 INFO  (coreLoadExecutor-13-thread-1) [c: s: r: x:babysitter_core t:] o.a.s.s.IndexSchema Schema name=default-config
2024-12-18 11:08:05.175 WARN  (main) [c: s: r: x: t:] o.g.j.m.i.MessagingBinders A class jakarta.activation.DataSource for a default provider MessageBodyWriter<jakarta.activation.DataSource> was not found. The provider is not available.
2024-12-18 11:08:05.290 INFO  (coreLoadExecutor-13-thread-1) [c: s: r: x:babysitter_core t:] o.a.s.s.IndexSchema Loaded schema default-config/1.7 with uniqueid field id
2024-12-18 11:08:05.290 INFO  (coreLoadExecutor-13-thread-1) [c: s: r: x:babysitter_core t:] o.a.s.c.CoreContainer Creating SolrCore 'babysitter_core' using configuration from instancedir /home/sergio/USI/Information Retrieval/IR_project/backend/solr-9.7.0/server/solr/babysitter_core, trusted=true
2024-12-18 11:08:05.320 INFO  (coreLoadExecutor-13-thread-1) [c: s: r: x:babysitter_core t:] o.a.s.c.SolrCore Opening new SolrCore at [/home/sergio/USI/Information Retrieval/IR_project/backend/solr-9.7.0/server/solr/babysitter_core], dataDir=[/home/sergio/USI/Information Retrieval/IR_project/backend/solr-9.7.0/server/solr/babysitter_core/data/]
2024-12-18 11:08:05.413 INFO  (main) [c: s: r: x: t:] o.a.s.j.SolrRequestAuthorizer Creating a new SolrRequestAuthorizer
2024-12-18 11:08:05.523 INFO  (main) [c: s: r: x: t:] o.e.j.s.h.ContextHandler Started o.e.j.w.WebAppContext@7726e185{solr-jetty-context.xml,/solr,file:///home/sergio/USI/Information%20Retrieval/IR_project/backend/solr-9.7.0/server/solr-webapp/webapp/,AVAILABLE}{/home/sergio/USI/Information Retrieval/IR_project/backend/solr-9.7.0/server/solr-webapp/webapp}
2024-12-18 11:08:05.533 INFO  (main) [c: s: r: x: t:] o.e.j.s.RequestLogWriter Opened /home/sergio/USI/Information Retrieval/IR_project/backend/solr-9.7.0/server/logs/2024_12_18.request.log
2024-12-18 11:08:05.538 INFO  (main) [c: s: r: x: t:] o.e.j.s.AbstractConnector Started ServerConnector@464649c{HTTP/1.1, (http/1.1, h2c)}{127.0.0.1:8983}
2024-12-18 11:08:05.539 INFO  (main) [c: s: r: x: t:] o.e.j.s.Server Started Server@5ae76500{STARTING}[10.0.22,sto=0] @2455ms
2024-12-18 11:08:05.688 INFO  (coreLoadExecutor-13-thread-1) [c: s: r: x:babysitter_core t:] o.a.s.j.SolrRequestAuthorizer Creating a new SolrRequestAuthorizer
2024-12-18 11:08:05.702 INFO  (coreLoadExecutor-13-thread-1) [c: s: r: x:babysitter_core t:] o.a.s.u.UpdateHandler Using UpdateLog implementation: org.apache.solr.update.UpdateLog
2024-12-18 11:08:05.702 INFO  (coreLoadExecutor-13-thread-1) [c: s: r: x:babysitter_core t:] o.a.s.u.UpdateLog Initializing UpdateLog: dataDir= defaultSyncLevel=FLUSH numRecordsToKeep=100 maxNumLogsToKeep=10 numVersionBuckets=65536
2024-12-18 11:08:05.703 INFO  (coreLoadExecutor-13-thread-1) [c: s: r: x:babysitter_core t:] o.a.s.u.CommitTracker Hard AutoCommit: if uncommitted for 15000ms; 
2024-12-18 11:08:05.703 INFO  (coreLoadExecutor-13-thread-1) [c: s: r: x:babysitter_core t:] o.a.s.u.CommitTracker Soft AutoCommit: if uncommitted for 3000ms; 
2024-12-18 11:08:05.802 INFO  (coreLoadExecutor-13-thread-1) [c: s: r: x:babysitter_core t:] o.a.s.r.ManagedResourceStorage File-based storage initialized to use dir: /home/sergio/USI/Information Retrieval/IR_project/backend/solr-9.7.0/server/solr/babysitter_core/conf
2024-12-18 11:08:05.811 INFO  (coreLoadExecutor-13-thread-1) [c: s: r: x:babysitter_core t:] o.a.s.s.DirectSolrSpellChecker init: {name=default, field=_text_, classname=solr.DirectSolrSpellChecker, distanceMeasure=internal, maxEdits=2, minPrefix=1, maxInspections=5, minQueryLength=4, accuracy=0.5, maxQueryFrequency=0.01}
2024-12-18 11:08:05.816 INFO  (coreLoadExecutor-13-thread-1) [c: s: r: x:babysitter_core t:] o.a.s.h.ReplicationHandler Commits will be reserved for 10000 ms
2024-12-18 11:08:05.817 INFO  (searcherExecutor-15-thread-1-processing-babysitter_core) [c: s: r: x:babysitter_core t:] o.a.s.c.QuerySenderListener QuerySenderListener done.
2024-12-18 11:08:05.817 INFO  (searcherExecutor-15-thread-1-processing-babysitter_core) [c: s: r: x:babysitter_core t:] o.a.s.h.c.SpellCheckComponent Loading spell index for spellchecker: default
2024-12-18 11:08:05.822 INFO  (searcherExecutor-15-thread-1-processing-babysitter_core) [c: s: r: x:babysitter_core t:] o.a.s.c.SolrCore Registered new searcher autowarm time: 0 ms
2024-12-18 11:08:06.491 INFO  (qtp1792384402-47-localhost-1) [c: s: r: x: t:localhost-1] o.a.s.s.HttpSolrCall [admin] webapp=null path=/admin/info/system params={wt=javabin&version=2} status=0 QTime=7
2024-12-18 11:08:06.510 INFO  (qtp1792384402-78-localhost-2) [c: s: r: x: t:localhost-2] o.a.s.s.HttpSolrCall [admin] webapp=null path=/admin/info/system params={wt=javabin&version=2} status=0 QTime=5
2024-12-18 11:08:06.525 INFO  (qtp1792384402-78-localhost-3) [c: s: r: x: t:localhost-3] o.a.s.s.HttpSolrCall [admin] webapp=null path=/admin/cores params={core=babysitter_core&action=STATUS&indexInfo=true&wt=javabin&version=2} status=0 QTime=3
2024-12-18 11:08:06.630 INFO  (searcherExecutor-15-thread-1-processing-babysitter_core localhost-4) [c: s: r: x:babysitter_core t:localhost-4] o.a.s.c.QuerySenderListener QuerySenderListener done.
2024-12-18 11:08:06.636 INFO  (searcherExecutor-15-thread-1-processing-babysitter_core localhost-4) [c: s: r: x:babysitter_core t:localhost-4] o.a.s.c.SolrCore Registered new searcher autowarm time: 2 ms
2024-12-18 11:08:06.636 INFO  (qtp1792384402-49-localhost-4) [c: s: r: x:babysitter_core t:localhost-4] o.a.s.u.p.LogUpdateProcessorFactory webapp=/solr path=/update params={commit=true}{deleteByQuery=*:* (-1818776134314098688), commit=} 0 70
2024-12-18 11:08:06.857 INFO  (searcherExecutor-15-thread-1-processing-babysitter_core localhost-5) [c: s: r: x:babysitter_core t:localhost-5] o.a.s.c.QuerySenderListener QuerySenderListener done.
2024-12-18 11:08:06.864 INFO  (searcherExecutor-15-thread-1-processing-babysitter_core localhost-5) [c: s: r: x:babysitter_core t:localhost-5] o.a.s.c.SolrCore Registered new searcher autowarm time: 0 ms
2024-12-18 11:08:06.865 INFO  (qtp1792384402-81-localhost-5) [c: s: r: x:babysitter_core t:localhost-5] o.a.s.u.p.LogUpdateProcessorFactory webapp=/solr path=/update params={commit=true}{add=[fae383ca-76f1-4048-a19d-749dfb197001 (1818776134389596160), 6973a6d0-25e3-4975-96f4-8973926f9f4e (1818776134418956288), df0c50ed-4368-4368-85bc-bfc0a2f399f9 (1818776134420004864), 0ae0855c-7072-4393-b995-6aea1ff1817b (1818776134421053440), 8f5e583d-7057-4dbe-8026-a07779811ba0 (1818776134421053441), a2aaba01-f7b9-497e-95f6-d8c0c3d6f4fd (1818776134422102016), a6120389-7aef-4664-8071-f2e41a484d8c (1818776134422102017), 62ab7215-1b01-4c35-851f-4d60b56351dd (1818776134423150592), 1d0961bb-3e53-4fe9-9b2b-09dbad28ae67 (1818776134424199168), e1bfce25-f7d6-45b8-b5e9-33ecdff32e6b (1818776134424199169), ... (249 adds)], commit=} 0 215
2024-12-18 11:08:15.430 INFO  (qtp1792384402-50-localhost-6) [c: s: r: x:babysitter_core t:localhost-6] o.a.s.c.S.Request webapp=/solr path=/select params={q=name:babysitter*+OR+description:*babysitter*+OR+age:*babysitter*+OR+salary:*babysitter*++OR+name:lugano*+OR+description:*lugano*+OR+age:*lugano*+OR+salary:*lugano*+&rows=1000&wt=json} hits=71 status=0 QTime=45
2024-12-18 11:08:15.478 INFO  (qtp1792384402-47-localhost-7) [c: s: r: x:babysitter_core t:localhost-7] o.a.s.c.S.Request webapp=/solr path=/select params={q=name:babysitter*+OR+description:*babysitter*+OR+age:*babysitter*+OR+salary:*babysitter*++OR+name:lugano*+OR+description:*lugano*+OR+age:*lugano*+OR+salary:*lugano*+&rows=1000&wt=json} hits=71 status=0 QTime=12
2024-12-18 11:08:15.498 INFO  (qtp1792384402-82-localhost-8) [c: s: r: x:babysitter_core t:localhost-8] o.a.s.c.S.Request webapp=/solr path=/select params={q=age:[29+TO+35]+AND+salary:[18+TO+24]&rows=3&wt=json} hits=17 status=0 QTime=11
2024-12-18 11:08:18.039 INFO  (qtp1792384402-47-localhost-9) [c: s: r: x:babysitter_core t:localhost-9] o.a.s.c.S.Request webapp=/solr path=/select params={q=name:babysitter*+OR+description:*babysitter*+OR+age:*babysitter*+OR+salary:*babysitter*++OR+name:lugano*+OR+description:*lugano*+OR+age:*lugano*+OR+salary:*lugano*+&rows=1000&wt=json} hits=71 status=0 QTime=11
2024-12-18 11:08:18.057 INFO  (qtp1792384402-82-localhost-10) [c: s: r: x:babysitter_core t:localhost-10] o.a.s.c.S.Request webapp=/solr path=/select params={q=name:babysitter*+OR+description:*babysitter*+OR+age:*babysitter*+OR+salary:*babysitter*++OR+name:lugano*+OR+description:*lugano*+OR+age:*lugano*+OR+salary:*lugano*+&rows=1000&wt=json} hits=71 status=0 QTime=8
2024-12-18 11:08:18.069 INFO  (qtp1792384402-47-localhost-11) [c: s: r: x:babysitter_core t:localhost-11] o.a.s.c.S.Request webapp=/solr path=/select params={q=age:[31+TO+37]+AND+salary:[18+TO+24]&rows=3&wt=json} hits=14 status=0 QTime=2
2024-12-18 11:08:19.601 INFO  (qtp1792384402-82-localhost-12) [c: s: r: x:babysitter_core t:localhost-12] o.a.s.c.S.Request webapp=/solr path=/select params={q=name:babysitter*+OR+description:*babysitter*+OR+age:*babysitter*+OR+salary:*babysitter*++OR+name:lugano*+OR+description:*lugano*+OR+age:*lugano*+OR+salary:*lugano*+&rows=1000&wt=json} hits=71 status=0 QTime=5
2024-12-18 11:08:19.612 INFO  (qtp1792384402-47-localhost-13) [c: s: r: x:babysitter_core t:localhost-13] o.a.s.c.S.Request webapp=/solr path=/select params={q=name:babysitter*+OR+description:*babysitter*+OR+age:*babysitter*+OR+salary:*babysitter*++OR+name:lugano*+OR+description:*lugano*+OR+age:*lugano*+OR+salary:*lugano*+&rows=1000&wt=json} hits=71 status=0 QTime=5
2024-12-18 11:08:19.618 INFO  (qtp1792384402-82-localhost-14) [c: s: r: x:babysitter_core t:localhost-14] o.a.s.c.S.Request webapp=/solr path=/select params={q=age:[31+TO+37]+AND+salary:[18+TO+24]&rows=3&wt=json} hits=14 status=0 QTime=0
2024-12-18 11:08:22.810 INFO  (qtp1792384402-47-localhost-15) [c: s: r: x:babysitter_core t:localhost-15] o.a.s.c.S.Request webapp=/solr path=/select params={q=name:babysitter*+OR+description:*babysitter*+OR+age:*babysitter*+OR+salary:*babysitter*++OR+name:lugano*+OR+description:*lugano*+OR+age:*lugano*+OR+salary:*lugano*+&rows=1000&wt=json} hits=71 status=0 QTime=6
2024-12-18 11:08:22.823 INFO  (qtp1792384402-82-localhost-16) [c: s: r: x:babysitter_core t:localhost-16] o.a.s.c.S.Request webapp=/solr path=/select params={q=name:babysitter*+OR+description:*babysitter*+OR+age:*babysitter*+OR+salary:*babysitter*++OR+name:lugano*+OR+description:*lugano*+OR+age:*lugano*+OR+salary:*lugano*+&rows=1000&wt=json} hits=71 status=0 QTime=8
2024-12-18 11:08:22.831 INFO  (qtp1792384402-47-localhost-17) [c: s: r: x:babysitter_core t:localhost-17] o.a.s.c.S.Request webapp=/solr path=/select params={q=age:[31+TO+37]+AND+salary:[18+TO+24]&rows=3&wt=json} hits=14 status=0 QTime=1
2024-12-18 11:08:24.309 INFO  (qtp1792384402-82-localhost-18) [c: s: r: x:babysitter_core t:localhost-18] o.a.s.c.S.Request webapp=/solr path=/select params={q=name:babysitter*+OR+description:*babysitter*+OR+age:*babysitter*+OR+salary:*babysitter*++OR+name:lugano*+OR+description:*lugano*+OR+age:*lugano*+OR+salary:*lugano*+&rows=1000&wt=json} hits=71 status=0 QTime=4
2024-12-18 11:08:24.319 INFO  (qtp1792384402-47-localhost-19) [c: s: r: x:babysitter_core t:localhost-19] o.a.s.c.S.Request webapp=/solr path=/select params={q=name:babysitter*+OR+description:*babysitter*+OR+age:*babysitter*+OR+salary:*babysitter*++OR+name:lugano*+OR+description:*lugano*+OR+age:*lugano*+OR+salary:*lugano*+&rows=1000&wt=json} hits=71 status=0 QTime=5
2024-12-18 11:08:24.326 INFO  (qtp1792384402-82-localhost-20) [c: s: r: x:babysitter_core t:localhost-20] o.a.s.c.S.Request webapp=/solr path=/select params={q=age:[29+TO+35]+AND+salary:[18+TO+24]&rows=3&wt=json} hits=17 status=0 QTime=0
2024-12-18 11:08:28.674 INFO  (qtp1792384402-47-localhost-21) [c: s: r: x:babysitter_core t:localhost-21] o.a.s.c.S.Request webapp=/solr path=/select params={q=name:babysitter*+OR+description:*babysitter*+OR+age:*babysitter*+OR+salary:*babysitter*++OR+name:lugano*+OR+description:*lugano*+OR+age:*lugano*+OR+salary:*lugano*+&rows=1000&wt=json} hits=71 status=0 QTime=7
2024-12-18 11:08:28.684 INFO  (qtp1792384402-82-localhost-22) [c: s: r: x:babysitter_core t:localhost-22] o.a.s.c.S.Request webapp=/solr path=/select params={q=name:babysitter*+OR+description:*babysitter*+OR+age:*babysitter*+OR+salary:*babysitter*++OR+name:lugano*+OR+description:*lugano*+OR+age:*lugano*+OR+salary:*lugano*+&rows=1000&wt=json} hits=71 status=0 QTime=4
2024-12-18 11:08:28.689 INFO  (qtp1792384402-47-localhost-23) [c: s: r: x:babysitter_core t:localhost-23] o.a.s.c.S.Request webapp=/solr path=/select params={q=age:[31+TO+37]+AND+salary:[18+TO+24]&rows=3&wt=json} hits=14 status=0 QTime=0
2024-12-18 11:08:29.881 INFO  (qtp1792384402-82-localhost-24) [c: s: r: x:babysitter_core t:localhost-24] o.a.s.c.S.Request webapp=/solr path=/select params={q=name:babysitter*+OR+description:*babysitter*+OR+age:*babysitter*+OR+salary:*babysitter*++OR+name:lugano*+OR+description:*lugano*+OR+age:*lugano*+OR+salary:*lugano*+&rows=1000&wt=json} hits=71 status=0 QTime=3
2024-12-18 11:08:29.892 INFO  (qtp1792384402-47-localhost-25) [c: s: r: x:babysitter_core t:localhost-25] o.a.s.c.S.Request webapp=/solr path=/select params={q=name:babysitter*+OR+description:*babysitter*+OR+age:*babysitter*+OR+salary:*babysitter*++OR+name:lugano*+OR+description:*lugano*+OR+age:*lugano*+OR+salary:*lugano*+&rows=1000&wt=json} hits=71 status=0 QTime=6
2024-12-18 11:08:29.898 INFO  (qtp1792384402-82-localhost-26) [c: s: r: x:babysitter_core t:localhost-26] o.a.s.c.S.Request webapp=/solr path=/select params={q=age:[31+TO+37]+AND+salary:[18+TO+24]&rows=3&wt=json} hits=14 status=0 QTime=0
2024-12-18 11:08:38.099 INFO  (qtp1792384402-51-localhost-27) [c: s: r: x:babysitter_core t:localhost-27] o.a.s.c.S.Request webapp=/solr path=/select params={q=name:babysitter*+OR+description:*babysitter*+OR+age:*babysitter*+OR+salary:*babysitter*++OR+name:lugano*+OR+description:*lugano*+OR+age:*lugano*+OR+salary:*lugano*+&rows=1000&wt=json} hits=71 status=0 QTime=5
2024-12-18 11:08:38.111 INFO  (qtp1792384402-47-localhost-28) [c: s: r: x:babysitter_core t:localhost-28] o.a.s.c.S.Request webapp=/solr path=/select params={q=name:babysitter*+OR+description:*babysitter*+OR+age:*babysitter*+OR+salary:*babysitter*++OR+name:lugano*+OR+description:*lugano*+OR+age:*lugano*+OR+salary:*lugano*+&rows=1000&wt=json} hits=71 status=0 QTime=6
2024-12-18 11:08:38.117 INFO  (qtp1792384402-48-localhost-29) [c: s: r: x:babysitter_core t:localhost-29] o.a.s.c.S.Request webapp=/solr path=/select params={q=age:[31+TO+37]+AND+salary:[18+TO+24]&rows=3&wt=json} hits=14 status=0 QTime=0
2024-12-18 11:08:39.713 INFO  (qtp1792384402-47-localhost-30) [c: s: r: x:babysitter_core t:localhost-30] o.a.s.c.S.Request webapp=/solr path=/select params={q=name:babysitter*+OR+description:*babysitter*+OR+age:*babysitter*+OR+salary:*babysitter*++OR+name:lugano*+OR+description:*lugano*+OR+age:*lugano*+OR+salary:*lugano*+&rows=1000&wt=json} hits=71 status=0 QTime=5
2024-12-18 11:08:39.723 INFO  (qtp1792384402-48-localhost-31) [c: s: r: x:babysitter_core t:localhost-31] o.a.s.c.S.Request webapp=/solr path=/select params={q=name:babysitter*+OR+description:*babysitter*+OR+age:*babysitter*+OR+salary:*babysitter*++OR+name:lugano*+OR+description:*lugano*+OR+age:*lugano*+OR+salary:*lugano*+&rows=1000&wt=json} hits=71 status=0 QTime=4
2024-12-18 11:08:39.730 INFO  (qtp1792384402-47-localhost-32) [c: s: r: x:babysitter_core t:localhost-32] o.a.s.c.S.Request webapp=/solr path=/select params={q=age:[31+TO+37]+AND+salary:[18+TO+24]&rows=3&wt=json} hits=14 status=0 QTime=1
